2020-Feb-21 11:31:52 AM INFO  mm.aeon.com.Application - Starting Application on datoa-dat-It043 with PID 20360 (D:\hwyk\D\workspace\VCSMService-phase3\target\classes started by 25-00137 in D:\hwyk\D\workspace\VCSMService-phase3)
2020-Feb-21 11:31:52 AM DEBUG mm.aeon.com.Application - Running with Spring Boot v2.1.1.RELEASE, Spring v5.1.3.RELEASE
2020-Feb-21 11:31:52 AM INFO  mm.aeon.com.Application - No active profile set, falling back to default profiles: default
2020-Feb-21 11:31:57 AM DEBUG mm.aeon.com.zconfig.oauth2.CorsFilter$$EnhancerBySpringCGLIB$$d467c9d0 - Filter 'corsFilter' configured for use
2020-Feb-21 11:32:05 AM INFO  mm.aeon.com.Application - Started Application in 13.508 seconds (JVM running for 14.881)
2020-Feb-21 11:33:11 AM DEBUG mm.aeon.com.zconfig.aop.LoggingAspect - class mm.aeon.com.api.customerinfo.CustomerInfoRegistrationController.checkMember() method has been started. Parameter => {"name":"testessr","dateOfBirth":587001600000,"nrcNo":"12/DAGANA(N)888888","phoneNo":"09888888888","password":"asd123@"}
2020-Feb-21 11:33:55 AM DEBUG mm.aeon.com.zconfig.aop.LoggingAspect - class mm.aeon.com.services.customerinfo.CustomerInfoService.checkAlreadyRegisteredCustomer() method has been started. Parameter => "09888888888"
2020-Feb-21 11:33:55 AM DEBUG mm.aeon.com.zconfig.aop.LoggingAspect - class mm.aeon.com.services.customerinfo.CustomerInfoService.checkAlreadyRegisteredCustomer() method has been started. Parameter => "12/DAGANA(N)888888"
2020-Feb-21 11:33:55 AM DEBUG mm.aeon.com.zconfig.aop.LoggingAspect - class mm.aeon.com.dao.customerinfo.CustomerInfoDao.checkAlreadyRegisteredCustomer() method has been started. Parameter => "09888888888"
2020-Feb-21 11:33:55 AM DEBUG mm.aeon.com.zconfig.aop.LoggingAspect - class mm.aeon.com.dao.customerinfo.CustomerInfoDao.checkAlreadyRegisteredCustomer() method has been started. Parameter => "12/DAGANA(N)888888"
2020-Feb-21 11:33:55 AM DEBUG mm.aeon.com.custommapper.customerinfo.CustomerInfoCustomMapper.checkAlreadyRegisteredCustomer - ==>  Preparing: SELECT COUNT(*) FROM customer_info CI WHERE CI.DEL_FLAG = 0 AND CI.PHONE_NO = ? AND CI.NRC_NO = ? 
2020-Feb-21 11:33:56 AM DEBUG mm.aeon.com.custommapper.customerinfo.CustomerInfoCustomMapper.checkAlreadyRegisteredCustomer - ==> Parameters: 09888888888(String), 12/DAGANA(N)888888(String)
2020-Feb-21 11:33:56 AM DEBUG mm.aeon.com.custommapper.customerinfo.CustomerInfoCustomMapper.checkAlreadyRegisteredCustomer - <==      Total: 1
2020-Feb-21 11:33:56 AM DEBUG mm.aeon.com.zconfig.aop.LoggingAspect - class mm.aeon.com.dao.customerinfo.CustomerInfoDao.checkAlreadyRegisteredCustomer() method has been finished. Return Result => 0
2020-Feb-21 11:33:56 AM DEBUG mm.aeon.com.zconfig.aop.LoggingAspect - class mm.aeon.com.services.customerinfo.CustomerInfoService.checkAlreadyRegisteredCustomer() method has been finished. Return Result => 0
2020-Feb-21 11:33:56 AM DEBUG mm.aeon.com.zconfig.aop.LoggingAspect - class mm.aeon.com.services.customerinfo.CustomerInfoService.getPhoneNoCount() method has been started. Parameter => "09888888888"
2020-Feb-21 11:33:56 AM DEBUG mm.aeon.com.zconfig.aop.LoggingAspect - class mm.aeon.com.services.customerinfo.CustomerInfoService.getPhoneNoCount() method has been started. Parameter => null
2020-Feb-21 11:33:56 AM DEBUG mm.aeon.com.zconfig.aop.LoggingAspect - class mm.aeon.com.dao.customerinfo.CustomerInfoDao.getPhoneNoCount() method has been started. Parameter => "09888888888"
2020-Feb-21 11:33:56 AM DEBUG mm.aeon.com.zconfig.aop.LoggingAspect - class mm.aeon.com.dao.customerinfo.CustomerInfoDao.getPhoneNoCount() method has been started. Parameter => null
2020-Feb-21 11:33:56 AM DEBUG mm.aeon.com.custommapper.customerinfo.CustomerInfoCustomMapper.getPhoneNoCount - ==>  Preparing: SELECT COUNT(*) FROM customer_info CI WHERE CI.DEL_FLAG = 0 AND CI.PHONE_NO = ? 
2020-Feb-21 11:33:56 AM DEBUG mm.aeon.com.custommapper.customerinfo.CustomerInfoCustomMapper.getPhoneNoCount - ==> Parameters: 09888888888(String)
2020-Feb-21 11:33:56 AM DEBUG mm.aeon.com.custommapper.customerinfo.CustomerInfoCustomMapper.getPhoneNoCount - <==      Total: 1
2020-Feb-21 11:33:56 AM DEBUG mm.aeon.com.zconfig.aop.LoggingAspect - class mm.aeon.com.dao.customerinfo.CustomerInfoDao.getPhoneNoCount() method has been finished. Return Result => 0
2020-Feb-21 11:33:56 AM DEBUG mm.aeon.com.zconfig.aop.LoggingAspect - class mm.aeon.com.services.customerinfo.CustomerInfoService.getPhoneNoCount() method has been finished. Return Result => 0
2020-Feb-21 11:33:56 AM DEBUG mm.aeon.com.zconfig.aop.LoggingAspect - class mm.aeon.com.services.customerinfo.CustomerInfoService.getNrcNoCount() method has been started. Parameter => "12/DAGANA(N)888888"
2020-Feb-21 11:33:56 AM DEBUG mm.aeon.com.zconfig.aop.LoggingAspect - class mm.aeon.com.services.customerinfo.CustomerInfoService.getNrcNoCount() method has been started. Parameter => null
2020-Feb-21 11:33:56 AM DEBUG mm.aeon.com.zconfig.aop.LoggingAspect - class mm.aeon.com.dao.customerinfo.CustomerInfoDao.getNrcNoCount() method has been started. Parameter => "12/DAGANA(N)888888"
2020-Feb-21 11:33:56 AM DEBUG mm.aeon.com.zconfig.aop.LoggingAspect - class mm.aeon.com.dao.customerinfo.CustomerInfoDao.getNrcNoCount() method has been started. Parameter => null
2020-Feb-21 11:33:56 AM DEBUG mm.aeon.com.custommapper.customerinfo.CustomerInfoCustomMapper.getNrcNoCount - ==>  Preparing: SELECT COUNT(*) FROM customer_info CI WHERE CI.DEL_FLAG = 0 AND CI.NRC_NO = ? 
2020-Feb-21 11:33:56 AM DEBUG mm.aeon.com.custommapper.customerinfo.CustomerInfoCustomMapper.getNrcNoCount - ==> Parameters: 12/DAGANA(N)888888(String)
2020-Feb-21 11:33:56 AM DEBUG mm.aeon.com.custommapper.customerinfo.CustomerInfoCustomMapper.getNrcNoCount - <==      Total: 1
2020-Feb-21 11:33:56 AM DEBUG mm.aeon.com.zconfig.aop.LoggingAspect - class mm.aeon.com.dao.customerinfo.CustomerInfoDao.getNrcNoCount() method has been finished. Return Result => 0
2020-Feb-21 11:33:56 AM DEBUG mm.aeon.com.zconfig.aop.LoggingAspect - class mm.aeon.com.services.customerinfo.CustomerInfoService.getNrcNoCount() method has been finished. Return Result => 0
2020-Feb-21 11:33:56 AM DEBUG mm.aeon.com.zconfig.aop.LoggingAspect - class mm.aeon.com.services.importcustomerinfo.ImportCustomerInfoService.getImportCustomerInfoWithDobAndNrc() method has been started. Parameter => 587001600000
2020-Feb-21 11:33:56 AM DEBUG mm.aeon.com.zconfig.aop.LoggingAspect - class mm.aeon.com.services.importcustomerinfo.ImportCustomerInfoService.getImportCustomerInfoWithDobAndNrc() method has been started. Parameter => "12/DAGANA(N)888888"
2020-Feb-21 11:33:56 AM DEBUG mm.aeon.com.zconfig.aop.LoggingAspect - class mm.aeon.com.dao.importcustomerinfo.ImportCustomerInfoDao.getImportCustomerInfoWithDobAndNrc() method has been started. Parameter => 587001600000
2020-Feb-21 11:33:56 AM DEBUG mm.aeon.com.zconfig.aop.LoggingAspect - class mm.aeon.com.dao.importcustomerinfo.ImportCustomerInfoDao.getImportCustomerInfoWithDobAndNrc() method has been started. Parameter => "12/DAGANA(N)888888"
2020-Feb-21 11:33:56 AM DEBUG mm.aeon.com.custommapper.importcustomerinfo.ImportCustomerInfoCustomMapper.getImportCustomerInfoWithDobAndNrc - ==>  Preparing: SELECT ICI.IMPORT_CUSTOMER_INFO_ID, ICI.CUSTOMER_NO, ICI.PHONE_NO, ICI.MEMBERCARD_ID, ICI.MEMBERCARD_STATUS, ICI.NAME, ICI.SALARY, ICI.DOB, ICI.GENDER, ICI.COMPANY_NAME, ICI.NRC_NO, ICI.ADDRESS FROM import_customer_info ICI WHERE ICI.DEL_FLAG = 0 AND ICI.DOB = ? AND ICI.NRC_NO = ? 
2020-Feb-21 11:33:56 AM DEBUG mm.aeon.com.custommapper.importcustomerinfo.ImportCustomerInfoCustomMapper.getImportCustomerInfoWithDobAndNrc - ==> Parameters: 1988-08-08(Date), 12/DAGANA(N)888888(String)
2020-Feb-21 11:33:56 AM DEBUG mm.aeon.com.custommapper.importcustomerinfo.ImportCustomerInfoCustomMapper.getImportCustomerInfoWithDobAndNrc - <==      Total: 1
2020-Feb-21 11:33:56 AM DEBUG mm.aeon.com.zconfig.aop.LoggingAspect - class mm.aeon.com.dao.importcustomerinfo.ImportCustomerInfoDao.getImportCustomerInfoWithDobAndNrc() method has been finished. Return Result => {"importCustomerInfoId":8888,"customerNo":"2222-222222222-2","phoneNo":"9888888888","membercardId":"888-8888-888","membercardStatus":0,"name":"No 8","salary":1000000.0,"dob":586978200000,"gender":1,"companyName":"DAT","nrcNo":"12/DAGANA(N)888888","address":"Hlaing"}
2020-Feb-21 11:33:56 AM DEBUG mm.aeon.com.zconfig.aop.LoggingAspect - class mm.aeon.com.services.importcustomerinfo.ImportCustomerInfoService.getImportCustomerInfoWithDobAndNrc() method has been finished. Return Result => {"importCustomerInfoId":8888,"customerNo":"2222-222222222-2","phoneNo":"9888888888","membercardId":"888-8888-888","membercardStatus":0,"name":"No 8","salary":1000000.0,"dob":586978200000,"gender":1,"companyName":"DAT","nrcNo":"12/DAGANA(N)888888","address":"Hlaing"}
2020-Feb-21 11:33:56 AM DEBUG mm.aeon.com.custommapper.information.InformationCustomMapper.getCompanyInfo - ==>  Preparing: SELECT CI.COMPANY_INFO_ID, CI.ADDRESS_ENG, CI.ADDRESS_MYAN, CI.HOTLINE_PHONE, CI.WEB_ADDRESS, CI.SOCIAL_MEDIA_ADDRESS, CI.ABOUT_COMPANY_ENG, CI.ABOUT_COMPANY_MYAN FROM company_info CI 
2020-Feb-21 11:33:56 AM DEBUG mm.aeon.com.custommapper.information.InformationCustomMapper.getCompanyInfo - ==> Parameters: 
2020-Feb-21 11:33:56 AM DEBUG mm.aeon.com.custommapper.information.InformationCustomMapper.getCompanyInfo - <==      Total: 1
2020-Feb-21 11:33:56 AM DEBUG mm.aeon.com.zconfig.aop.LoggingAspect - class mm.aeon.com.dao.information.InformationDao.getCompanyInfo() method has been finished. Return Result => {"companyInfoId":null,"addressEn":"Units 210, 211, 212, 2nd Floor, Building(D), Pearl Condo, Kabaraye Pagoda, Bahan Township, Yangon","addressMm":"အခန်းအမှတ်(၂၁၀)၊ (၂၁၁)၊ (၂၁၂)၊ အဆောင်(ဃ)ဒုတိယထပ်၊ ပုလဲကွန်ဒို၊ ကမ္ဘာအေးဘုရားလမ်း၊ ဗဟန်းမြို့နယ်၊ ရန်ကုန်မြို့။","hotlinePhone":"09969712111","webAddress":"https://www.aeonmicrofinance.com.mm/","socialMediaAddress":"https://m.facebook.com/AEON-Microfinance-Myanmar-Co-Ltd-374820516619280/","aboutCompanyEn":"The Company was incorporated in Myanmar on 2 November 2012 under Registration No. 176FC of 2012-2013 issued by the Directorate of Investment and Company Administration. On 8 February 2013, the Company obtained its license No.0132/2013 as a micro-finance institution from the Myanmar Microfinance Supervisory Enterprise and we are operating Microfinance business within (44) townships in Yangon Division and (7) townships in Mandalay Division. The Company is wholly-owned by AEON Thana Sinsap (Thailand) Public Company Limited, a company registered in Thailand. The ultimate parent company is AEON Financial Service Co., Ltd., a company registered in Japan and listed on the Tokyo Stock Exchange. AEON Financial Service Co., Ltd currently has more than 38.94 million card members and it is one of the biggest credit card issuers and a leading consumer credit provider in Japan. For AEON Group consists of more than 300 subsidiaries and affiliated companies. AEON Group operates not only in Japan but also in Southeast Asia and CHINA.","aboutCompanyMm":"အီရွန်မိုက်ခရိုဖိုင်းနက် (စ်) မြန်မာကုမ္ပဏီလီမိတက်သည် ၂၀၁၂ ခုနှစ် နိုဝင်ဘာလ(၂) ရက်နေ့တွင် ကုမ္ပဏီ မှတ်ပုံတင်အမှတ် ၁၇၆FC ဖြင့့်မြန်မာနိုင်ငံ ရင်းနှီးမြှုပ်နှံမှုနှင့် ကုမ္ပဏီများညွှန်ကြားမှု ဦးစီးဌာနမှ မှတ်ပုံတင်ရရှိခဲ့ပြီး အသေးစားငွေရေးကြေးရေးလုပ်ငန်း လုပ်ကိုင်ခွင့် လိုင်စင်အမှတ်ဝ၁၃၂/၂၀၁၃ ရက်စွဲ ၈-၀၂-၂၀၁၃ ဖြင့်လုပ်ကိုင်ခွင့် ရရှိပြီး အသေးစားငွေရေးကြေးရေးလုပ်ငန်းကို ရန်ကုန်တိုင်းဒေသကြီးအတွင်းရှိ (၄၄)မြို.နယ်အတွင်းနှင့် မန္တလေးတိုင်းဒေသကြီးအတွင်းရှိ (၇)မြို.နယ် လုပ်ကိုင်ပါသည်။ အီရွန်မိုက်ခရိုဖိုင်းနက်(စ်)မြန်မာကုမ္ပဏီလီမိတက်၏ရင်းနှီးမတည်ငွေနှင့် အများဆုံးသောရှယ်ယာများကိုလည်း AEON Thana Sinsap (Thailand)Public Co.,Ltd. မှထည့်သွင်းပိုင်ဆိုင်ထားပါသည်။ AEON Thana Sinsap (Thailand)Public Co.,Ltd. ၏မိခင်ကုမ္ပဏီမှာ ဂျပန်နိုင်ငံတွင်စတင်တည်ထောင်ခဲ့သော AEON Financial Servcie Co.,Ltd. ဖြစ်ပြီး ဂျပန်နိုင်ငံ၏ Tokyo Stock Exchange တွင်စာရင်းဝင်ကုမ္ပဏီတစ်ခုဖြစ်ပါသည်။ ယခုအခါတွင် AEON Financial Servcie Co.,Ltd. သည် ကဒ်ပေါင်း သုံးဆယ့်ရှစ်သိန်းကျော်ဖြင့်ဂျပန်နိုင်ငံ၏နံပါတ်တစ် ထိပ်တန်း Credit Card ကိုထုတ်ဝေနေသော ကုမ္ပဏီတစ်ခုဖြစ်ပြီး ပေါင်းစည်းဆက်နွယ်ထားသော ကုမ္ပဏီပေါင်း ၃၀၀ ပါဝင်ပြီး ဂျပန်နိုင်ငံတွင်သာမက အရှေ.တောင်အာရှနှင့် တရုတ်နိုင်ငံတွင်လည်း ရင်းနှီးမြှပ်နှံလျှက်ရှိပြီး စီးပွားရေးလုပ်ငန်းများနှင့် ငွေရေးကြေးရေးလုပ်ငန်းများအားလုပ်ကိုင်လျှက်ရှိပါသည်။"}
2020-Feb-21 11:33:56 AM DEBUG mm.aeon.com.zconfig.aop.LoggingAspect - class mm.aeon.com.services.information.InformationService.getCompanyInfo() method has been finished. Return Result => {"companyInfoId":null,"addressEn":"Units 210, 211, 212, 2nd Floor, Building(D), Pearl Condo, Kabaraye Pagoda, Bahan Township, Yangon","addressMm":"အခန်းအမှတ်(၂၁၀)၊ (၂၁၁)၊ (၂၁၂)၊ အဆောင်(ဃ)ဒုတိယထပ်၊ ပုလဲကွန်ဒို၊ ကမ္ဘာအေးဘုရားလမ်း၊ ဗဟန်းမြို့နယ်၊ ရန်ကုန်မြို့။","hotlinePhone":"09969712111","webAddress":"https://www.aeonmicrofinance.com.mm/","socialMediaAddress":"https://m.facebook.com/AEON-Microfinance-Myanmar-Co-Ltd-374820516619280/","aboutCompanyEn":"The Company was incorporated in Myanmar on 2 November 2012 under Registration No. 176FC of 2012-2013 issued by the Directorate of Investment and Company Administration. On 8 February 2013, the Company obtained its license No.0132/2013 as a micro-finance institution from the Myanmar Microfinance Supervisory Enterprise and we are operating Microfinance business within (44) townships in Yangon Division and (7) townships in Mandalay Division. The Company is wholly-owned by AEON Thana Sinsap (Thailand) Public Company Limited, a company registered in Thailand. The ultimate parent company is AEON Financial Service Co., Ltd., a company registered in Japan and listed on the Tokyo Stock Exchange. AEON Financial Service Co., Ltd currently has more than 38.94 million card members and it is one of the biggest credit card issuers and a leading consumer credit provider in Japan. For AEON Group consists of more than 300 subsidiaries and affiliated companies. AEON Group operates not only in Japan but also in Southeast Asia and CHINA.","aboutCompanyMm":"အီရွန်မိုက်ခရိုဖိုင်းနက် (စ်) မြန်မာကုမ္ပဏီလီမိတက်သည် ၂၀၁၂ ခုနှစ် နိုဝင်ဘာလ(၂) ရက်နေ့တွင် ကုမ္ပဏီ မှတ်ပုံတင်အမှတ် ၁၇၆FC ဖြင့့်မြန်မာနိုင်ငံ ရင်းနှီးမြှုပ်နှံမှုနှင့် ကုမ္ပဏီများညွှန်ကြားမှု ဦးစီးဌာနမှ မှတ်ပုံတင်ရရှိခဲ့ပြီး အသေးစားငွေရေးကြေးရေးလုပ်ငန်း လုပ်ကိုင်ခွင့် လိုင်စင်အမှတ်ဝ၁၃၂/၂၀၁၃ ရက်စွဲ ၈-၀၂-၂၀၁၃ ဖြင့်လုပ်ကိုင်ခွင့် ရရှိပြီး အသေးစားငွေရေးကြေးရေးလုပ်ငန်းကို ရန်ကုန်တိုင်းဒေသကြီးအတွင်းရှိ (၄၄)မြို.နယ်အတွင်းနှင့် မန္တလေးတိုင်းဒေသကြီးအတွင်းရှိ (၇)မြို.နယ် လုပ်ကိုင်ပါသည်။ အီရွန်မိုက်ခရိုဖိုင်းနက်(စ်)မြန်မာကုမ္ပဏီလီမိတက်၏ရင်းနှီးမတည်ငွေနှင့် အများဆုံးသောရှယ်ယာများကိုလည်း AEON Thana Sinsap (Thailand)Public Co.,Ltd. မှထည့်သွင်းပိုင်ဆိုင်ထားပါသည်။ AEON Thana Sinsap (Thailand)Public Co.,Ltd. ၏မိခင်ကုမ္ပဏီမှာ ဂျပန်နိုင်ငံတွင်စတင်တည်ထောင်ခဲ့သော AEON Financial Servcie Co.,Ltd. ဖြစ်ပြီး ဂျပန်နိုင်ငံ၏ Tokyo Stock Exchange တွင်စာရင်းဝင်ကုမ္ပဏီတစ်ခုဖြစ်ပါသည်။ ယခုအခါတွင် AEON Financial Servcie Co.,Ltd. သည် ကဒ်ပေါင်း သုံးဆယ့်ရှစ်သိန်းကျော်ဖြင့်ဂျပန်နိုင်ငံ၏နံပါတ်တစ် ထိပ်တန်း Credit Card ကိုထုတ်ဝေနေသော ကုမ္ပဏီတစ်ခုဖြစ်ပြီး ပေါင်းစည်းဆက်နွယ်ထားသော ကုမ္ပဏီပေါင်း ၃၀၀ ပါဝင်ပြီး ဂျပန်နိုင်ငံတွင်သာမက အရှေ.တောင်အာရှနှင့် တရုတ်နိုင်ငံတွင်လည်း ရင်းနှီးမြှပ်နှံလျှက်ရှိပြီး စီးပွားရေးလုပ်ငန်းများနှင့် ငွေရေးကြေးရေးလုပ်ငန်းများအားလုပ်ကိုင်လျှက်ရှိပါသည်။"}
2020-Feb-21 11:33:56 AM DEBUG mm.aeon.com.zconfig.aop.LoggingAspect - class mm.aeon.com.services.customerinfo.CustomerInfoService.getPhoneNoCount() method has been started. Parameter => "09888888888"
2020-Feb-21 11:33:56 AM DEBUG mm.aeon.com.zconfig.aop.LoggingAspect - class mm.aeon.com.services.customerinfo.CustomerInfoService.getPhoneNoCount() method has been started. Parameter => null
2020-Feb-21 11:33:56 AM DEBUG mm.aeon.com.zconfig.aop.LoggingAspect - class mm.aeon.com.dao.customerinfo.CustomerInfoDao.getPhoneNoCount() method has been started. Parameter => "09888888888"
2020-Feb-21 11:33:56 AM DEBUG mm.aeon.com.zconfig.aop.LoggingAspect - class mm.aeon.com.dao.customerinfo.CustomerInfoDao.getPhoneNoCount() method has been started. Parameter => null
2020-Feb-21 11:33:56 AM DEBUG mm.aeon.com.custommapper.customerinfo.CustomerInfoCustomMapper.getPhoneNoCount - ==>  Preparing: SELECT COUNT(*) FROM customer_info CI WHERE CI.DEL_FLAG = 0 AND CI.PHONE_NO = ? 
2020-Feb-21 11:33:56 AM DEBUG mm.aeon.com.custommapper.customerinfo.CustomerInfoCustomMapper.getPhoneNoCount - ==> Parameters: 09888888888(String)
2020-Feb-21 11:33:56 AM DEBUG mm.aeon.com.custommapper.customerinfo.CustomerInfoCustomMapper.getPhoneNoCount - <==      Total: 1
2020-Feb-21 11:33:56 AM DEBUG mm.aeon.com.zconfig.aop.LoggingAspect - class mm.aeon.com.dao.customerinfo.CustomerInfoDao.getPhoneNoCount() method has been finished. Return Result => 0
2020-Feb-21 11:33:56 AM DEBUG mm.aeon.com.zconfig.aop.LoggingAspect - class mm.aeon.com.services.customerinfo.CustomerInfoService.getPhoneNoCount() method has been finished. Return Result => 0
2020-Feb-21 11:33:56 AM DEBUG mm.aeon.com.zconfig.aop.LoggingAspect - class mm.aeon.com.services.customerinfo.CustomerInfoService.getNrcNoCount() method has been started. Parameter => "12/DAGANA(N)888888"
2020-Feb-21 11:33:56 AM DEBUG mm.aeon.com.zconfig.aop.LoggingAspect - class mm.aeon.com.services.customerinfo.CustomerInfoService.getNrcNoCount() method has been started. Parameter => null
2020-Feb-21 11:33:56 AM DEBUG mm.aeon.com.zconfig.aop.LoggingAspect - class mm.aeon.com.dao.customerinfo.CustomerInfoDao.getNrcNoCount() method has been started. Parameter => "12/DAGANA(N)888888"
2020-Feb-21 11:33:56 AM DEBUG mm.aeon.com.zconfig.aop.LoggingAspect - class mm.aeon.com.dao.customerinfo.CustomerInfoDao.getNrcNoCount() method has been started. Parameter => null
2020-Feb-21 11:33:56 AM DEBUG mm.aeon.com.custommapper.customerinfo.CustomerInfoCustomMapper.getNrcNoCount - ==>  Preparing: SELECT COUNT(*) FROM customer_info CI WHERE CI.DEL_FLAG = 0 AND CI.NRC_NO = ? 
2020-Feb-21 11:33:56 AM DEBUG mm.aeon.com.custommapper.customerinfo.CustomerInfoCustomMapper.getNrcNoCount - ==> Parameters: 12/DAGANA(N)888888(String)
2020-Feb-21 11:33:56 AM DEBUG mm.aeon.com.custommapper.customerinfo.CustomerInfoCustomMapper.getNrcNoCount - <==      Total: 1
2020-Feb-21 11:33:56 AM DEBUG mm.aeon.com.zconfig.aop.LoggingAspect - class mm.aeon.com.dao.customerinfo.CustomerInfoDao.getNrcNoCount() method has been finished. Return Result => 0
2020-Feb-21 11:33:56 AM DEBUG mm.aeon.com.zconfig.aop.LoggingAspect - class mm.aeon.com.services.customerinfo.CustomerInfoService.getNrcNoCount() method has been finished. Return Result => 0
2020-Feb-21 11:33:56 AM DEBUG mm.aeon.com.zconfig.aop.LoggingAspect - class mm.aeon.com.api.customerinfo.CustomerInfoRegistrationController.checkMember() method has been finished. Return Result => {"memberStatus":"MEMBER","hotlinePhone":"09969712111","memberPhoneNo":"09888888888"}
2020-Feb-21 11:33:56 AM DEBUG mm.aeon.com.zconfig.aop.LoggingAspect - Result(status=SUCCESS, data=CheckMemberInfoResDto(memberStatus=MEMBER, hotlinePhone=09969712111, memberPhoneNo=09888888888))
2020-Feb-21 11:34:10 AM DEBUG mm.aeon.com.zconfig.aop.LoggingAspect - class mm.aeon.com.api.customerinfo.CustomerInfoRegistrationController.checkMember() method has been started. Parameter => {"name":"testessr","dateOfBirth":587001600000,"nrcNo":"12/DAGANA(N)888888","phoneNo":"09888888888","password":"asd123@"}
2020-Feb-21 11:34:16 AM DEBUG mm.aeon.com.zconfig.aop.LoggingAspect - class mm.aeon.com.services.customerinfo.CustomerInfoService.checkAlreadyRegisteredCustomer() method has been started. Parameter => "09888888888"
2020-Feb-21 11:34:16 AM DEBUG mm.aeon.com.zconfig.aop.LoggingAspect - class mm.aeon.com.services.customerinfo.CustomerInfoService.checkAlreadyRegisteredCustomer() method has been started. Parameter => "12/DAGANA(N)888888"
2020-Feb-21 11:34:16 AM DEBUG mm.aeon.com.zconfig.aop.LoggingAspect - class mm.aeon.com.dao.customerinfo.CustomerInfoDao.checkAlreadyRegisteredCustomer() method has been started. Parameter => "09888888888"
2020-Feb-21 11:34:16 AM DEBUG mm.aeon.com.zconfig.aop.LoggingAspect - class mm.aeon.com.dao.customerinfo.CustomerInfoDao.checkAlreadyRegisteredCustomer() method has been started. Parameter => "12/DAGANA(N)888888"
2020-Feb-21 11:34:16 AM DEBUG mm.aeon.com.custommapper.customerinfo.CustomerInfoCustomMapper.checkAlreadyRegisteredCustomer - ==>  Preparing: SELECT COUNT(*) FROM customer_info CI WHERE CI.DEL_FLAG = 0 AND CI.PHONE_NO = ? AND CI.NRC_NO = ? 
2020-Feb-21 11:34:16 AM DEBUG mm.aeon.com.custommapper.customerinfo.CustomerInfoCustomMapper.checkAlreadyRegisteredCustomer - ==> Parameters: 09888888888(String), 12/DAGANA(N)888888(String)
2020-Feb-21 11:34:16 AM DEBUG mm.aeon.com.custommapper.customerinfo.CustomerInfoCustomMapper.checkAlreadyRegisteredCustomer - <==      Total: 1
2020-Feb-21 11:34:16 AM DEBUG mm.aeon.com.zconfig.aop.LoggingAspect - class mm.aeon.com.dao.customerinfo.CustomerInfoDao.checkAlreadyRegisteredCustomer() method has been finished. Return Result => 0
2020-Feb-21 11:34:16 AM DEBUG mm.aeon.com.zconfig.aop.LoggingAspect - class mm.aeon.com.services.customerinfo.CustomerInfoService.checkAlreadyRegisteredCustomer() method has been finished. Return Result => 0
2020-Feb-21 11:34:16 AM DEBUG mm.aeon.com.zconfig.aop.LoggingAspect - class mm.aeon.com.services.customerinfo.CustomerInfoService.getPhoneNoCount() method has been started. Parameter => "09888888888"
2020-Feb-21 11:34:16 AM DEBUG mm.aeon.com.zconfig.aop.LoggingAspect - class mm.aeon.com.services.customerinfo.CustomerInfoService.getPhoneNoCount() method has been started. Parameter => null
2020-Feb-21 11:34:16 AM DEBUG mm.aeon.com.zconfig.aop.LoggingAspect - class mm.aeon.com.dao.customerinfo.CustomerInfoDao.getPhoneNoCount() method has been started. Parameter => "09888888888"
2020-Feb-21 11:34:16 AM DEBUG mm.aeon.com.zconfig.aop.LoggingAspect - class mm.aeon.com.dao.customerinfo.CustomerInfoDao.getPhoneNoCount() method has been started. Parameter => null
2020-Feb-21 11:34:16 AM DEBUG mm.aeon.com.custommapper.customerinfo.CustomerInfoCustomMapper.getPhoneNoCount - ==>  Preparing: SELECT COUNT(*) FROM customer_info CI WHERE CI.DEL_FLAG = 0 AND CI.PHONE_NO = ? 
2020-Feb-21 11:34:16 AM DEBUG mm.aeon.com.custommapper.customerinfo.CustomerInfoCustomMapper.getPhoneNoCount - ==> Parameters: 09888888888(String)
2020-Feb-21 11:34:16 AM DEBUG mm.aeon.com.custommapper.customerinfo.CustomerInfoCustomMapper.getPhoneNoCount - <==      Total: 1
2020-Feb-21 11:34:16 AM DEBUG mm.aeon.com.zconfig.aop.LoggingAspect - class mm.aeon.com.dao.customerinfo.CustomerInfoDao.getPhoneNoCount() method has been finished. Return Result => 0
2020-Feb-21 11:34:16 AM DEBUG mm.aeon.com.zconfig.aop.LoggingAspect - class mm.aeon.com.services.customerinfo.CustomerInfoService.getPhoneNoCount() method has been finished. Return Result => 0
2020-Feb-21 11:34:16 AM DEBUG mm.aeon.com.zconfig.aop.LoggingAspect - class mm.aeon.com.services.customerinfo.CustomerInfoService.getNrcNoCount() method has been started. Parameter => "12/DAGANA(N)888888"
2020-Feb-21 11:34:16 AM DEBUG mm.aeon.com.zconfig.aop.LoggingAspect - class mm.aeon.com.services.customerinfo.CustomerInfoService.getNrcNoCount() method has been started. Parameter => null
2020-Feb-21 11:34:16 AM DEBUG mm.aeon.com.zconfig.aop.LoggingAspect - class mm.aeon.com.dao.customerinfo.CustomerInfoDao.getNrcNoCount() method has been started. Parameter => "12/DAGANA(N)888888"
2020-Feb-21 11:34:16 AM DEBUG mm.aeon.com.zconfig.aop.LoggingAspect - class mm.aeon.com.dao.customerinfo.CustomerInfoDao.getNrcNoCount() method has been started. Parameter => null
2020-Feb-21 11:34:16 AM DEBUG mm.aeon.com.custommapper.customerinfo.CustomerInfoCustomMapper.getNrcNoCount - ==>  Preparing: SELECT COUNT(*) FROM customer_info CI WHERE CI.DEL_FLAG = 0 AND CI.NRC_NO = ? 
2020-Feb-21 11:34:16 AM DEBUG mm.aeon.com.custommapper.customerinfo.CustomerInfoCustomMapper.getNrcNoCount - ==> Parameters: 12/DAGANA(N)888888(String)
2020-Feb-21 11:34:16 AM DEBUG mm.aeon.com.custommapper.customerinfo.CustomerInfoCustomMapper.getNrcNoCount - <==      Total: 1
2020-Feb-21 11:34:16 AM DEBUG mm.aeon.com.zconfig.aop.LoggingAspect - class mm.aeon.com.dao.customerinfo.CustomerInfoDao.getNrcNoCount() method has been finished. Return Result => 0
2020-Feb-21 11:34:16 AM DEBUG mm.aeon.com.zconfig.aop.LoggingAspect - class mm.aeon.com.services.customerinfo.CustomerInfoService.getNrcNoCount() method has been finished. Return Result => 0
2020-Feb-21 11:34:16 AM DEBUG mm.aeon.com.zconfig.aop.LoggingAspect - class mm.aeon.com.services.importcustomerinfo.ImportCustomerInfoService.getImportCustomerInfoWithDobAndNrc() method has been started. Parameter => 587001600000
2020-Feb-21 11:34:16 AM DEBUG mm.aeon.com.zconfig.aop.LoggingAspect - class mm.aeon.com.services.importcustomerinfo.ImportCustomerInfoService.getImportCustomerInfoWithDobAndNrc() method has been started. Parameter => "12/DAGANA(N)888888"
2020-Feb-21 11:34:16 AM DEBUG mm.aeon.com.zconfig.aop.LoggingAspect - class mm.aeon.com.dao.importcustomerinfo.ImportCustomerInfoDao.getImportCustomerInfoWithDobAndNrc() method has been started. Parameter => 587001600000
2020-Feb-21 11:34:16 AM DEBUG mm.aeon.com.zconfig.aop.LoggingAspect - class mm.aeon.com.dao.importcustomerinfo.ImportCustomerInfoDao.getImportCustomerInfoWithDobAndNrc() method has been started. Parameter => "12/DAGANA(N)888888"
2020-Feb-21 11:34:16 AM DEBUG mm.aeon.com.custommapper.importcustomerinfo.ImportCustomerInfoCustomMapper.getImportCustomerInfoWithDobAndNrc - ==>  Preparing: SELECT ICI.IMPORT_CUSTOMER_INFO_ID, ICI.CUSTOMER_NO, ICI.PHONE_NO, ICI.MEMBERCARD_ID, ICI.MEMBERCARD_STATUS, ICI.NAME, ICI.SALARY, ICI.DOB, ICI.GENDER, ICI.COMPANY_NAME, ICI.NRC_NO, ICI.ADDRESS FROM import_customer_info ICI WHERE ICI.DEL_FLAG = 0 AND ICI.DOB = ? AND ICI.NRC_NO = ? 
2020-Feb-21 11:34:16 AM DEBUG mm.aeon.com.custommapper.importcustomerinfo.ImportCustomerInfoCustomMapper.getImportCustomerInfoWithDobAndNrc - ==> Parameters: 1988-08-08(Date), 12/DAGANA(N)888888(String)
2020-Feb-21 11:34:16 AM DEBUG mm.aeon.com.custommapper.importcustomerinfo.ImportCustomerInfoCustomMapper.getImportCustomerInfoWithDobAndNrc - <==      Total: 1
2020-Feb-21 11:34:16 AM DEBUG mm.aeon.com.zconfig.aop.LoggingAspect - class mm.aeon.com.dao.importcustomerinfo.ImportCustomerInfoDao.getImportCustomerInfoWithDobAndNrc() method has been finished. Return Result => {"importCustomerInfoId":8888,"customerNo":"2222-222222222-2","phoneNo":"9888888888","membercardId":"888-8888-888","membercardStatus":0,"name":"No 8","salary":1000000.0,"dob":586978200000,"gender":1,"companyName":"DAT","nrcNo":"12/DAGANA(N)888888","address":"Hlaing"}
2020-Feb-21 11:34:16 AM DEBUG mm.aeon.com.zconfig.aop.LoggingAspect - class mm.aeon.com.services.importcustomerinfo.ImportCustomerInfoService.getImportCustomerInfoWithDobAndNrc() method has been finished. Return Result => {"importCustomerInfoId":8888,"customerNo":"2222-222222222-2","phoneNo":"9888888888","membercardId":"888-8888-888","membercardStatus":0,"name":"No 8","salary":1000000.0,"dob":586978200000,"gender":1,"companyName":"DAT","nrcNo":"12/DAGANA(N)888888","address":"Hlaing"}
2020-Feb-21 11:34:16 AM DEBUG mm.aeon.com.custommapper.information.InformationCustomMapper.getCompanyInfo - ==>  Preparing: SELECT CI.COMPANY_INFO_ID, CI.ADDRESS_ENG, CI.ADDRESS_MYAN, CI.HOTLINE_PHONE, CI.WEB_ADDRESS, CI.SOCIAL_MEDIA_ADDRESS, CI.ABOUT_COMPANY_ENG, CI.ABOUT_COMPANY_MYAN FROM company_info CI 
2020-Feb-21 11:34:16 AM DEBUG mm.aeon.com.custommapper.information.InformationCustomMapper.getCompanyInfo - ==> Parameters: 
2020-Feb-21 11:34:16 AM DEBUG mm.aeon.com.custommapper.information.InformationCustomMapper.getCompanyInfo - <==      Total: 1
2020-Feb-21 11:34:16 AM DEBUG mm.aeon.com.zconfig.aop.LoggingAspect - class mm.aeon.com.dao.information.InformationDao.getCompanyInfo() method has been finished. Return Result => {"companyInfoId":null,"addressEn":"Units 210, 211, 212, 2nd Floor, Building(D), Pearl Condo, Kabaraye Pagoda, Bahan Township, Yangon","addressMm":"အခန်းအမှတ်(၂၁၀)၊ (၂၁၁)၊ (၂၁၂)၊ အဆောင်(ဃ)ဒုတိယထပ်၊ ပုလဲကွန်ဒို၊ ကမ္ဘာအေးဘုရားလမ်း၊ ဗဟန်းမြို့နယ်၊ ရန်ကုန်မြို့။","hotlinePhone":"09969712111","webAddress":"https://www.aeonmicrofinance.com.mm/","socialMediaAddress":"https://m.facebook.com/AEON-Microfinance-Myanmar-Co-Ltd-374820516619280/","aboutCompanyEn":"The Company was incorporated in Myanmar on 2 November 2012 under Registration No. 176FC of 2012-2013 issued by the Directorate of Investment and Company Administration. On 8 February 2013, the Company obtained its license No.0132/2013 as a micro-finance institution from the Myanmar Microfinance Supervisory Enterprise and we are operating Microfinance business within (44) townships in Yangon Division and (7) townships in Mandalay Division. The Company is wholly-owned by AEON Thana Sinsap (Thailand) Public Company Limited, a company registered in Thailand. The ultimate parent company is AEON Financial Service Co., Ltd., a company registered in Japan and listed on the Tokyo Stock Exchange. AEON Financial Service Co., Ltd currently has more than 38.94 million card members and it is one of the biggest credit card issuers and a leading consumer credit provider in Japan. For AEON Group consists of more than 300 subsidiaries and affiliated companies. AEON Group operates not only in Japan but also in Southeast Asia and CHINA.","aboutCompanyMm":"အီရွန်မိုက်ခရိုဖိုင်းနက် (စ်) မြန်မာကုမ္ပဏီလီမိတက်သည် ၂၀၁၂ ခုနှစ် နိုဝင်ဘာလ(၂) ရက်နေ့တွင် ကုမ္ပဏီ မှတ်ပုံတင်အမှတ် ၁၇၆FC ဖြင့့်မြန်မာနိုင်ငံ ရင်းနှီးမြှုပ်နှံမှုနှင့် ကုမ္ပဏီများညွှန်ကြားမှု ဦးစီးဌာနမှ မှတ်ပုံတင်ရရှိခဲ့ပြီး အသေးစားငွေရေးကြေးရေးလုပ်ငန်း လုပ်ကိုင်ခွင့် လိုင်စင်အမှတ်ဝ၁၃၂/၂၀၁၃ ရက်စွဲ ၈-၀၂-၂၀၁၃ ဖြင့်လုပ်ကိုင်ခွင့် ရရှိပြီး အသေးစားငွေရေးကြေးရေးလုပ်ငန်းကို ရန်ကုန်တိုင်းဒေသကြီးအတွင်းရှိ (၄၄)မြို.နယ်အတွင်းနှင့် မန္တလေးတိုင်းဒေသကြီးအတွင်းရှိ (၇)မြို.နယ် လုပ်ကိုင်ပါသည်။ အီရွန်မိုက်ခရိုဖိုင်းနက်(စ်)မြန်မာကုမ္ပဏီလီမိတက်၏ရင်းနှီးမတည်ငွေနှင့် အများဆုံးသောရှယ်ယာများကိုလည်း AEON Thana Sinsap (Thailand)Public Co.,Ltd. မှထည့်သွင်းပိုင်ဆိုင်ထားပါသည်။ AEON Thana Sinsap (Thailand)Public Co.,Ltd. ၏မိခင်ကုမ္ပဏီမှာ ဂျပန်နိုင်ငံတွင်စတင်တည်ထောင်ခဲ့သော AEON Financial Servcie Co.,Ltd. ဖြစ်ပြီး ဂျပန်နိုင်ငံ၏ Tokyo Stock Exchange တွင်စာရင်းဝင်ကုမ္ပဏီတစ်ခုဖြစ်ပါသည်။ ယခုအခါတွင် AEON Financial Servcie Co.,Ltd. သည် ကဒ်ပေါင်း သုံးဆယ့်ရှစ်သိန်းကျော်ဖြင့်ဂျပန်နိုင်ငံ၏နံပါတ်တစ် ထိပ်တန်း Credit Card ကိုထုတ်ဝေနေသော ကုမ္ပဏီတစ်ခုဖြစ်ပြီး ပေါင်းစည်းဆက်နွယ်ထားသော ကုမ္ပဏီပေါင်း ၃၀၀ ပါဝင်ပြီး ဂျပန်နိုင်ငံတွင်သာမက အရှေ.တောင်အာရှနှင့် တရုတ်နိုင်ငံတွင်လည်း ရင်းနှီးမြှပ်နှံလျှက်ရှိပြီး စီးပွားရေးလုပ်ငန်းများနှင့် ငွေရေးကြေးရေးလုပ်ငန်းများအားလုပ်ကိုင်လျှက်ရှိပါသည်။"}
2020-Feb-21 11:34:16 AM DEBUG mm.aeon.com.zconfig.aop.LoggingAspect - class mm.aeon.com.services.information.InformationService.getCompanyInfo() method has been finished. Return Result => {"companyInfoId":null,"addressEn":"Units 210, 211, 212, 2nd Floor, Building(D), Pearl Condo, Kabaraye Pagoda, Bahan Township, Yangon","addressMm":"အခန်းအမှတ်(၂၁၀)၊ (၂၁၁)၊ (၂၁၂)၊ အဆောင်(ဃ)ဒုတိယထပ်၊ ပုလဲကွန်ဒို၊ ကမ္ဘာအေးဘုရားလမ်း၊ ဗဟန်းမြို့နယ်၊ ရန်ကုန်မြို့။","hotlinePhone":"09969712111","webAddress":"https://www.aeonmicrofinance.com.mm/","socialMediaAddress":"https://m.facebook.com/AEON-Microfinance-Myanmar-Co-Ltd-374820516619280/","aboutCompanyEn":"The Company was incorporated in Myanmar on 2 November 2012 under Registration No. 176FC of 2012-2013 issued by the Directorate of Investment and Company Administration. On 8 February 2013, the Company obtained its license No.0132/2013 as a micro-finance institution from the Myanmar Microfinance Supervisory Enterprise and we are operating Microfinance business within (44) townships in Yangon Division and (7) townships in Mandalay Division. The Company is wholly-owned by AEON Thana Sinsap (Thailand) Public Company Limited, a company registered in Thailand. The ultimate parent company is AEON Financial Service Co., Ltd., a company registered in Japan and listed on the Tokyo Stock Exchange. AEON Financial Service Co., Ltd currently has more than 38.94 million card members and it is one of the biggest credit card issuers and a leading consumer credit provider in Japan. For AEON Group consists of more than 300 subsidiaries and affiliated companies. AEON Group operates not only in Japan but also in Southeast Asia and CHINA.","aboutCompanyMm":"အီရွန်မိုက်ခရိုဖိုင်းနက် (စ်) မြန်မာကုမ္ပဏီလီမိတက်သည် ၂၀၁၂ ခုနှစ် နိုဝင်ဘာလ(၂) ရက်နေ့တွင် ကုမ္ပဏီ မှတ်ပုံတင်အမှတ် ၁၇၆FC ဖြင့့်မြန်မာနိုင်ငံ ရင်းနှီးမြှုပ်နှံမှုနှင့် ကုမ္ပဏီများညွှန်ကြားမှု ဦးစီးဌာနမှ မှတ်ပုံတင်ရရှိခဲ့ပြီး အသေးစားငွေရေးကြေးရေးလုပ်ငန်း လုပ်ကိုင်ခွင့် လိုင်စင်အမှတ်ဝ၁၃၂/၂၀၁၃ ရက်စွဲ ၈-၀၂-၂၀၁၃ ဖြင့်လုပ်ကိုင်ခွင့် ရရှိပြီး အသေးစားငွေရေးကြေးရေးလုပ်ငန်းကို ရန်ကုန်တိုင်းဒေသကြီးအတွင်းရှိ (၄၄)မြို.နယ်အတွင်းနှင့် မန္တလေးတိုင်းဒေသကြီးအတွင်းရှိ (၇)မြို.နယ် လုပ်ကိုင်ပါသည်။ အီရွန်မိုက်ခရိုဖိုင်းနက်(စ်)မြန်မာကုမ္ပဏီလီမိတက်၏ရင်းနှီးမတည်ငွေနှင့် အများဆုံးသောရှယ်ယာများကိုလည်း AEON Thana Sinsap (Thailand)Public Co.,Ltd. မှထည့်သွင်းပိုင်ဆိုင်ထားပါသည်။ AEON Thana Sinsap (Thailand)Public Co.,Ltd. ၏မိခင်ကုမ္ပဏီမှာ ဂျပန်နိုင်ငံတွင်စတင်တည်ထောင်ခဲ့သော AEON Financial Servcie Co.,Ltd. ဖြစ်ပြီး ဂျပန်နိုင်ငံ၏ Tokyo Stock Exchange တွင်စာရင်းဝင်ကုမ္ပဏီတစ်ခုဖြစ်ပါသည်။ ယခုအခါတွင် AEON Financial Servcie Co.,Ltd. သည် ကဒ်ပေါင်း သုံးဆယ့်ရှစ်သိန်းကျော်ဖြင့်ဂျပန်နိုင်ငံ၏နံပါတ်တစ် ထိပ်တန်း Credit Card ကိုထုတ်ဝေနေသော ကုမ္ပဏီတစ်ခုဖြစ်ပြီး ပေါင်းစည်းဆက်နွယ်ထားသော ကုမ္ပဏီပေါင်း ၃၀၀ ပါဝင်ပြီး ဂျပန်နိုင်ငံတွင်သာမက အရှေ.တောင်အာရှနှင့် တရုတ်နိုင်ငံတွင်လည်း ရင်းနှီးမြှပ်နှံလျှက်ရှိပြီး စီးပွားရေးလုပ်ငန်းများနှင့် ငွေရေးကြေးရေးလုပ်ငန်းများအားလုပ်ကိုင်လျှက်ရှိပါသည်။"}
2020-Feb-21 11:34:16 AM DEBUG mm.aeon.com.zconfig.aop.LoggingAspect - class mm.aeon.com.services.customerinfo.CustomerInfoService.getPhoneNoCount() method has been started. Parameter => "09888888888"
2020-Feb-21 11:34:16 AM DEBUG mm.aeon.com.zconfig.aop.LoggingAspect - class mm.aeon.com.services.customerinfo.CustomerInfoService.getPhoneNoCount() method has been started. Parameter => null
2020-Feb-21 11:34:16 AM DEBUG mm.aeon.com.zconfig.aop.LoggingAspect - class mm.aeon.com.dao.customerinfo.CustomerInfoDao.getPhoneNoCount() method has been started. Parameter => "09888888888"
2020-Feb-21 11:34:16 AM DEBUG mm.aeon.com.zconfig.aop.LoggingAspect - class mm.aeon.com.dao.customerinfo.CustomerInfoDao.getPhoneNoCount() method has been started. Parameter => null
2020-Feb-21 11:34:16 AM DEBUG mm.aeon.com.custommapper.customerinfo.CustomerInfoCustomMapper.getPhoneNoCount - ==>  Preparing: SELECT COUNT(*) FROM customer_info CI WHERE CI.DEL_FLAG = 0 AND CI.PHONE_NO = ? 
2020-Feb-21 11:34:16 AM DEBUG mm.aeon.com.custommapper.customerinfo.CustomerInfoCustomMapper.getPhoneNoCount - ==> Parameters: 09888888888(String)
2020-Feb-21 11:34:16 AM DEBUG mm.aeon.com.custommapper.customerinfo.CustomerInfoCustomMapper.getPhoneNoCount - <==      Total: 1
2020-Feb-21 11:34:16 AM DEBUG mm.aeon.com.zconfig.aop.LoggingAspect - class mm.aeon.com.dao.customerinfo.CustomerInfoDao.getPhoneNoCount() method has been finished. Return Result => 0
2020-Feb-21 11:34:16 AM DEBUG mm.aeon.com.zconfig.aop.LoggingAspect - class mm.aeon.com.services.customerinfo.CustomerInfoService.getPhoneNoCount() method has been finished. Return Result => 0
2020-Feb-21 11:34:16 AM DEBUG mm.aeon.com.zconfig.aop.LoggingAspect - class mm.aeon.com.services.customerinfo.CustomerInfoService.getNrcNoCount() method has been started. Parameter => "12/DAGANA(N)888888"
2020-Feb-21 11:34:16 AM DEBUG mm.aeon.com.zconfig.aop.LoggingAspect - class mm.aeon.com.services.customerinfo.CustomerInfoService.getNrcNoCount() method has been started. Parameter => null
2020-Feb-21 11:34:16 AM DEBUG mm.aeon.com.zconfig.aop.LoggingAspect - class mm.aeon.com.dao.customerinfo.CustomerInfoDao.getNrcNoCount() method has been started. Parameter => "12/DAGANA(N)888888"
2020-Feb-21 11:34:16 AM DEBUG mm.aeon.com.zconfig.aop.LoggingAspect - class mm.aeon.com.dao.customerinfo.CustomerInfoDao.getNrcNoCount() method has been started. Parameter => null
2020-Feb-21 11:34:16 AM DEBUG mm.aeon.com.custommapper.customerinfo.CustomerInfoCustomMapper.getNrcNoCount - ==>  Preparing: SELECT COUNT(*) FROM customer_info CI WHERE CI.DEL_FLAG = 0 AND CI.NRC_NO = ? 
2020-Feb-21 11:34:16 AM DEBUG mm.aeon.com.custommapper.customerinfo.CustomerInfoCustomMapper.getNrcNoCount - ==> Parameters: 12/DAGANA(N)888888(String)
2020-Feb-21 11:34:16 AM DEBUG mm.aeon.com.custommapper.customerinfo.CustomerInfoCustomMapper.getNrcNoCount - <==      Total: 1
2020-Feb-21 11:34:16 AM DEBUG mm.aeon.com.zconfig.aop.LoggingAspect - class mm.aeon.com.dao.customerinfo.CustomerInfoDao.getNrcNoCount() method has been finished. Return Result => 0
2020-Feb-21 11:34:16 AM DEBUG mm.aeon.com.zconfig.aop.LoggingAspect - class mm.aeon.com.services.customerinfo.CustomerInfoService.getNrcNoCount() method has been finished. Return Result => 0
2020-Feb-21 11:34:16 AM DEBUG mm.aeon.com.zconfig.aop.LoggingAspect - class mm.aeon.com.api.customerinfo.CustomerInfoRegistrationController.checkMember() method has been finished. Return Result => {"memberStatus":"MEMBER","hotlinePhone":"09969712111","memberPhoneNo":"09888888888"}
2020-Feb-21 11:34:16 AM DEBUG mm.aeon.com.zconfig.aop.LoggingAspect - Result(status=SUCCESS, data=CheckMemberInfoResDto(memberStatus=MEMBER, hotlinePhone=09969712111, memberPhoneNo=09888888888))
